<?xml version="1.0" encoding="UTF-8"?>
<testsuite name="io.cloudslang.lang.entities.DeserializeTest" time="0.129" tests="9" errors="0" skipped="0" failures="0">
  <properties>
    <property name="java.runtime.name" value="OpenJDK Runtime Environment"/>
    <property name="java.vm.version" value="16+14"/>
    <property name="sun.boot.library.path" value="/opt/homebrew/Cellar/openjdk/15.0.2/libexec/openjdk.jdk/Contents/Home/lib"/>
    <property name="maven.multiModuleProjectDirectory" value="/Users/chopinli/Documents/UT-Austin/test/automated_script/CloudSlang/cloud-slang"/>
    <property name="java.vm.vendor" value="Oracle Corporation"/>
    <property name="java.vendor.url" value="https://openjdk.java.net/"/>
    <property name="guice.disable.misplaced.annotation.check" value="true"/>
    <property name="path.separator" value=":"/>
    <property name="java.vm.name" value="OpenJDK 64-Bit Server VM"/>
    <property name="user.script" value="Hans"/>
    <property name="user.country" value="HK"/>
    <property name="sun.java.launcher" value="SUN_STANDARD"/>
    <property name="java.vm.specification.name" value="Java Virtual Machine Specification"/>
    <property name="user.dir" value="/Users/chopinli/Documents/UT-Austin/test/automated_script/CloudSlang/cloud-slang"/>
    <property name="java.vm.compressedOopsMode" value="Zero based"/>
    <property name="java.runtime.version" value="16+14"/>
    <property name="os.arch" value="aarch64"/>
    <property name="java.io.tmpdir" value="/var/folders/qj/949vqyj14z99zrmv28kf5zw80000gn/T/"/>
    <property name="line.separator" value="&#10;"/>
    <property name="java.vm.specification.vendor" value="Oracle Corporation"/>
    <property name="os.name" value="Mac OS X"/>
    <property name="classworlds.conf" value="/opt/homebrew/Cellar/maven/3.6.3_1/libexec/bin/m2.conf"/>
    <property name="sun.jnu.encoding" value="UTF-8"/>
    <property name="java.library.path" value="/Users/chopinli/Library/Java/Extensions:/Library/Java/Extensions:/Network/Library/Java/Extensions:/System/Library/Java/Extensions:/usr/lib/java:."/>
    <property name="maven.conf" value="/opt/homebrew/Cellar/maven/3.6.3_1/libexec/conf"/>
    <property name="jdk.debug" value="release"/>
    <property name="java.class.version" value="60.0"/>
    <property name="java.specification.name" value="Java Platform API Specification"/>
    <property name="sun.management.compiler" value="HotSpot 64-Bit Tiered Compilers"/>
    <property name="os.version" value="11.1"/>
    <property name="library.jansi.path" value="/opt/homebrew/Cellar/maven/3.6.3_1/libexec/lib/jansi-native"/>
    <property name="http.nonProxyHosts" value="local|*.local|169.254/16|*.169.254/16"/>
    <property name="user.home" value="/Users/chopinli"/>
    <property name="user.timezone" value="Asia/Hong_Kong"/>
    <property name="file.encoding" value="UTF-8"/>
    <property name="java.specification.version" value="16"/>
    <property name="user.name" value="chopinli"/>
    <property name="java.class.path" value="/opt/homebrew/Cellar/maven/3.6.3_1/libexec/boot/plexus-classworlds-2.6.0.jar"/>
    <property name="java.vm.specification.version" value="16"/>
    <property name="sun.arch.data.model" value="64"/>
    <property name="sun.java.command" value="org.codehaus.plexus.classworlds.launcher.Launcher install"/>
    <property name="java.home" value="/opt/homebrew/Cellar/openjdk/15.0.2/libexec/openjdk.jdk/Contents/Home"/>
    <property name="user.language" value="zh"/>
    <property name="java.specification.vendor" value="Oracle Corporation"/>
    <property name="java.vm.info" value="mixed mode"/>
    <property name="java.version" value="16"/>
    <property name="java.vendor" value="N/A"/>
    <property name="maven.home" value="/opt/homebrew/Cellar/maven/3.6.3_1/libexec"/>
    <property name="file.separator" value="/"/>
    <property name="java.version.date" value="2021-03-16"/>
    <property name="java.vendor.url.bug" value="https://bugreport.java.com/bugreport/"/>
    <property name="sun.io.unicode.encoding" value="UnicodeBig"/>
    <property name="sun.cpu.endian" value="little"/>
    <property name="socksNonProxyHosts" value="local|*.local|169.254/16|*.169.254/16"/>
    <property name="ftp.nonProxyHosts" value="local|*.local|169.254/16|*.169.254/16"/>
  </properties>
  <testcase name="testDeserializeResultNavigation" classname="io.cloudslang.lang.entities.DeserializeTest" time="0.082"/>
  <testcase name="testDeserializeArgument" classname="io.cloudslang.lang.entities.DeserializeTest" time="0.018"/>
  <testcase name="testDeserializeSystemProperty" classname="io.cloudslang.lang.entities.DeserializeTest" time="0.005"/>
  <testcase name="testDeserializeInput" classname="io.cloudslang.lang.entities.DeserializeTest" time="0.007"/>
  <testcase name="testDeserializeParallelLoopStatement" classname="io.cloudslang.lang.entities.DeserializeTest" time="0.004"/>
  <testcase name="testDeserializeOutput" classname="io.cloudslang.lang.entities.DeserializeTest" time="0.006"/>
  <testcase name="testDeserializeResult" classname="io.cloudslang.lang.entities.DeserializeTest" time="0.002"/>
  <testcase name="testDeserializeMapForLoopStatement" classname="io.cloudslang.lang.entities.DeserializeTest" time="0.002"/>
  <testcase name="testDeserializeListForLoopStatement" classname="io.cloudslang.lang.entities.DeserializeTest" time="0.003"/>
</testsuite>